<?xml version="1.0" encoding="UTF-8"?>
<!-- Generated by org.testng.reporters.JUnitXMLReporter -->
<testsuite hostname="ws-acosanchez" ignored="0" name="Default test" tests="3" failures="0" timestamp="28 mar 2018 09:56:29 GMT" time="0.071" errors="0">
  <testcase name="testCalculateAppriasal" time="0.019" classname="com.my_qa_guide.demo.TestEmployeeDetails"/>
  <testcase name="testCalculateYearlySalary" time="0.002" classname="com.my_qa_guide.demo.TestEmployeeDetails"/>
  <testcase name="testApp" time="0.005" classname="com.my_qa_guide.demo.AppTest"/>
</testsuite> <!-- Default test -->
