<?xml version="1.0" encoding="UTF-8"?>
<testng-results skipped="0" failed="0" ignored="0" total="1" passed="1">
  <reporter-output>
  </reporter-output>
  <suite name="Surefire suite" duration-ms="15138" started-at="2018-04-09T11:33:04Z" finished-at="2018-04-09T11:33:19Z">
    <groups>
    </groups>
    <test name="Surefire test" duration-ms="15138" started-at="2018-04-09T11:33:04Z" finished-at="2018-04-09T11:33:19Z">
      <class name="com.my_qa_guide.Using_Selectors.demo.UsingSelectorsTest">
        <test-method status="PASS" signature="initialize()[pri:0, instance:com.my_qa_guide.Using_Selectors.demo.UsingSelectorsTest@13c78c0b]" name="initialize" is-config="true" duration-ms="2376" started-at="2018-04-09T11:33:04Z" finished-at="2018-04-09T11:33:06Z">
          <reporter-output>
          </reporter-output>
        </test-method> <!-- initialize -->
        <test-method status="PASS" signature="selectorsBasic(java.lang.reflect.Method)[pri:0, instance:com.my_qa_guide.Using_Selectors.demo.UsingSelectorsTest@13c78c0b]" name="selectorsBasic" duration-ms="12594" started-at="2018-04-09T11:33:06Z" description="selectorsBasic" finished-at="2018-04-09T11:33:19Z">
          <params>
            <param index="0">
              <value>
                <![CDATA[public void com.my_qa_guide.Using_Selectors.demo.UsingSelectorsTest.selectorsBasic(java.lang.reflect.Method) throws java.lang.InterruptedException]]>
              </value>
            </param>
          </params>
          <reporter-output>
          </reporter-output>
        </test-method> <!-- selectorsBasic -->
        <test-method status="PASS" signature="cleanNavigatorAndCloseDriver()[pri:0, instance:com.my_qa_guide.Using_Selectors.demo.UsingSelectorsTest@13c78c0b]" name="cleanNavigatorAndCloseDriver" is-config="true" duration-ms="141" started-at="2018-04-09T11:33:19Z" finished-at="2018-04-09T11:33:19Z">
          <reporter-output>
          </reporter-output>
        </test-method> <!-- cleanNavigatorAndCloseDriver -->
      </class> <!-- com.my_qa_guide.Using_Selectors.demo.UsingSelectorsTest -->
    </test> <!-- Surefire test -->
  </suite> <!-- Surefire suite -->
</testng-results>
