<?xml version="1.0" encoding="UTF-8"?>
<testng-results skipped="0" failed="0" ignored="0" total="1" passed="1">
  <reporter-output>
  </reporter-output>
  <suite name="Surefire suite" duration-ms="49" started-at="2018-04-03T14:17:16Z" finished-at="2018-04-03T14:17:16Z">
    <groups>
    </groups>
    <test name="Surefire test" duration-ms="49" started-at="2018-04-03T14:17:16Z" finished-at="2018-04-03T14:17:16Z">
      <class name="com.my_qa_guide.Using_Selectors.demo.AppTest">
        <test-method status="PASS" signature="testApp()[pri:0, instance:testApp(com.my_qa_guide.Using_Selectors.demo.AppTest)]" name="testApp" duration-ms="5" started-at="2018-04-03T14:17:16Z" finished-at="2018-04-03T14:17:16Z">
          <reporter-output>
          </reporter-output>
        </test-method> <!-- testApp -->
      </class> <!-- com.my_qa_guide.Using_Selectors.demo.AppTest -->
    </test> <!-- Surefire test -->
  </suite> <!-- Surefire suite -->
</testng-results>
