<?xml version="1.0" encoding="UTF-8"?>
<testng-results skipped="0" failed="0" ignored="0" total="3" passed="3">
  <reporter-output>
  </reporter-output>
  <suite name="Default suite" duration-ms="71" started-at="2018-03-28T09:56:29Z" finished-at="2018-03-28T09:56:29Z">
    <groups>
    </groups>
    <test name="Default test" duration-ms="71" started-at="2018-03-28T09:56:29Z" finished-at="2018-03-28T09:56:29Z">
      <class name="com.my_qa_guide.demo.TestEmployeeDetails">
        <test-method status="PASS" signature="testCalculateAppriasal()[pri:0, instance:com.my_qa_guide.demo.TestEmployeeDetails@2a2d45ba]" name="testCalculateAppriasal" duration-ms="19" started-at="2018-03-28T09:56:29Z" finished-at="2018-03-28T09:56:29Z">
          <reporter-output>
          </reporter-output>
        </test-method> <!-- testCalculateAppriasal -->
        <test-method status="PASS" signature="testCalculateYearlySalary()[pri:0, instance:com.my_qa_guide.demo.TestEmployeeDetails@2a2d45ba]" name="testCalculateYearlySalary" duration-ms="2" started-at="2018-03-28T09:56:29Z" finished-at="2018-03-28T09:56:29Z">
          <reporter-output>
          </reporter-output>
        </test-method> <!-- testCalculateYearlySalary -->
      </class> <!-- com.my_qa_guide.demo.TestEmployeeDetails -->
      <class name="com.my_qa_guide.demo.AppTest">
        <test-method status="PASS" signature="testApp()[pri:0, instance:com.my_qa_guide.demo.AppTest@68be2bc2]" name="testApp" duration-ms="5" started-at="2018-03-28T09:56:29Z" finished-at="2018-03-28T09:56:29Z">
          <reporter-output>
          </reporter-output>
        </test-method> <!-- testApp -->
      </class> <!-- com.my_qa_guide.demo.AppTest -->
    </test> <!-- Default test -->
  </suite> <!-- Default suite -->
</testng-results>
