<?xml version="1.0" encoding="UTF-8"?>
<testng-results skipped="0" failed="0" ignored="0" total="1" passed="1">
  <reporter-output>
  </reporter-output>
  <suite name="Default suite" duration-ms="44797" started-at="2018-04-03T08:44:29Z" finished-at="2018-04-03T08:45:13Z">
    <groups>
    </groups>
    <test name="Default test" duration-ms="44797" started-at="2018-04-03T08:44:29Z" finished-at="2018-04-03T08:45:13Z">
      <class name="com.my_qa_guide.Driver_Basics.demo.DriverBasicsTest">
        <test-method status="PASS" signature="initialize()[pri:0, instance:com.my_qa_guide.Driver_Basics.demo.DriverBasicsTest@73a1e9a9]" name="initialize" is-config="true" duration-ms="30845" started-at="2018-04-03T08:44:29Z" finished-at="2018-04-03T08:44:59Z">
          <reporter-output>
          </reporter-output>
        </test-method> <!-- initialize -->
        <test-method status="PASS" signature="driverBasics()[pri:0, instance:com.my_qa_guide.Driver_Basics.demo.DriverBasicsTest@73a1e9a9]" name="driverBasics" duration-ms="13774" started-at="2018-04-03T08:44:59Z" finished-at="2018-04-03T08:45:13Z">
          <reporter-output>
          </reporter-output>
        </test-method> <!-- driverBasics -->
        <test-method status="PASS" signature="cleanNavigatorAndCloseDriver()[pri:0, instance:com.my_qa_guide.Driver_Basics.demo.DriverBasicsTest@73a1e9a9]" name="cleanNavigatorAndCloseDriver" is-config="true" duration-ms="126" started-at="2018-04-03T08:45:13Z" finished-at="2018-04-03T08:45:13Z">
          <reporter-output>
          </reporter-output>
        </test-method> <!-- cleanNavigatorAndCloseDriver -->
      </class> <!-- com.my_qa_guide.Driver_Basics.demo.DriverBasicsTest -->
    </test> <!-- Default test -->
  </suite> <!-- Default suite -->
</testng-results>
