<?xml version="1.0" encoding="UTF-8"?>
<!-- Generated by org.testng.reporters.JUnitXMLReporter -->
<testsuite hostname="ws-acosanchez" ignored="1" name="exampletest1" tests="1" failures="0" timestamp="02 abr 2018 06:37:27 GMT" time="0.043" errors="0">
  <testcase name="testPrintMessage" time="0.01" classname="com.my_qa_guide.demo.Test1"/>
  <testcase name="ignoredTest" time="0.0" classname="com.my_qa_guide.demo.Test1">
    <ignored/>
  </testcase> <!-- ignoredTest -->
</testsuite> <!-- exampletest1 -->
