<?xml version="1.0" encoding="UTF-8"?>
<testng-results skipped="0" failed="0" ignored="1" total="3" passed="2">
  <reporter-output>
  </reporter-output>
  <suite name="Suite1" duration-ms="92" started-at="2018-04-02T06:37:27Z" finished-at="2018-04-02T06:37:27Z">
    <groups>
    </groups>
    <test name="exampletest1" duration-ms="43" started-at="2018-04-02T06:37:27Z" finished-at="2018-04-02T06:37:27Z">
      <class name="com.my_qa_guide.demo.Test1">
        <test-method status="PASS" signature="testPrintMessage()[pri:0, instance:com.my_qa_guide.demo.Test1@506e6d5e]" name="testPrintMessage" duration-ms="10" started-at="2018-04-02T06:37:27Z" finished-at="2018-04-02T06:37:27Z">
          <reporter-output>
          </reporter-output>
        </test-method> <!-- testPrintMessage -->
      </class> <!-- com.my_qa_guide.demo.Test1 -->
    </test> <!-- exampletest1 -->
    <test name="exampletest2" duration-ms="2" started-at="2018-04-02T06:37:27Z" finished-at="2018-04-02T06:37:27Z">
      <class name="com.my_qa_guide.demo.Test2">
        <test-method status="PASS" signature="testSalutationMessage()[pri:0, instance:com.my_qa_guide.demo.Test2@64616ca2]" name="testSalutationMessage" duration-ms="0" started-at="2018-04-02T06:37:27Z" finished-at="2018-04-02T06:37:27Z">
          <reporter-output>
          </reporter-output>
        </test-method> <!-- testSalutationMessage -->
      </class> <!-- com.my_qa_guide.demo.Test2 -->
    </test> <!-- exampletest2 -->
  </suite> <!-- Suite1 -->
</testng-results>
