<?xml version="1.0" encoding="UTF-8"?>
<testng-results skipped="0" failed="0" ignored="0" total="1" passed="1">
  <reporter-output>
  </reporter-output>
  <suite name="Default suite" duration-ms="18080" started-at="2018-04-03T14:15:37Z" finished-at="2018-04-03T14:15:55Z">
    <groups>
    </groups>
    <test name="Default test" duration-ms="18080" started-at="2018-04-03T14:15:37Z" finished-at="2018-04-03T14:15:55Z">
      <class name="com.my_qa_guide.Using_Selectors.demo.UsingSelectors">
        <test-method status="PASS" signature="initialize()[pri:0, instance:com.my_qa_guide.Using_Selectors.demo.UsingSelectors@73a1e9a9]" name="initialize" is-config="true" duration-ms="3348" started-at="2018-04-03T14:15:37Z" finished-at="2018-04-03T14:15:40Z">
          <reporter-output>
          </reporter-output>
        </test-method> <!-- initialize -->
        <test-method status="PASS" signature="selectorsBasic(java.lang.reflect.Method)[pri:0, instance:com.my_qa_guide.Using_Selectors.demo.UsingSelectors@73a1e9a9]" name="selectorsBasic" duration-ms="14540" started-at="2018-04-03T14:15:40Z" description="selectorsBasic" finished-at="2018-04-03T14:15:55Z">
          <params>
            <param index="0">
              <value>
                <![CDATA[public void com.my_qa_guide.Using_Selectors.demo.UsingSelectors.selectorsBasic(java.lang.reflect.Method) throws java.lang.InterruptedException]]>
              </value>
            </param>
          </params>
          <reporter-output>
          </reporter-output>
        </test-method> <!-- selectorsBasic -->
        <test-method status="PASS" signature="cleanNavigatorAndCloseDriver()[pri:0, instance:com.my_qa_guide.Using_Selectors.demo.UsingSelectors@73a1e9a9]" name="cleanNavigatorAndCloseDriver" is-config="true" duration-ms="147" started-at="2018-04-03T14:15:55Z" finished-at="2018-04-03T14:15:55Z">
          <reporter-output>
          </reporter-output>
        </test-method> <!-- cleanNavigatorAndCloseDriver -->
      </class> <!-- com.my_qa_guide.Using_Selectors.demo.UsingSelectors -->
    </test> <!-- Default test -->
  </suite> <!-- Default suite -->
</testng-results>
