<?xml version="1.0" encoding="UTF-8"?>
<!-- Generated by org.testng.reporters.JUnitXMLReporter -->
<testsuite hostname="ws-acosanchez" ignored="0" name="test1" tests="7" failures="0" timestamp="02 abr 2018 09:23:23 GMT" time="0.113" errors="0">
  <testcase name="parameterTest" time="0.002" classname="com.my_qa_guide.Parameterized_Test.demo.ParameterizedTest1"/>
  <testcase name="testPrimeNumberChecker" time="0.006" classname="com.my_qa_guide.Parameterized_Test.demo.ParamTestWithDataProvider1"/>
  <testcase name="testPrimeNumberChecker" time="0.001" classname="com.my_qa_guide.Parameterized_Test.demo.ParamTestWithDataProvider1"/>
  <testcase name="testPrimeNumberChecker" time="0.001" classname="com.my_qa_guide.Parameterized_Test.demo.ParamTestWithDataProvider1"/>
  <testcase name="testPrimeNumberChecker" time="0.001" classname="com.my_qa_guide.Parameterized_Test.demo.ParamTestWithDataProvider1"/>
  <testcase name="testPrimeNumberChecker" time="0.001" classname="com.my_qa_guide.Parameterized_Test.demo.ParamTestWithDataProvider1"/>
  <testcase name="testMethod" time="0.0" classname="com.my_qa_guide.Parameterized_Test.demo.ParamTestWithDataProvider2"/>
</testsuite> <!-- test1 -->
