<?xml version="1.0" encoding="UTF-8"?>
<!-- Generated by org.testng.reporters.JUnitXMLReporter -->
<testsuite hostname="ws-acosanchez" ignored="3" tests="0" failures="0" timestamp="02 abr 2018 07:16:13 GMT" time="0.005" errors="0">
  <testcase name="testPrintMessage" time="0.0" classname="com.my_qa_guide.Group_Tests.demo.GroupTestExample">
    <ignored/>
  </testcase> <!-- testPrintMessage -->
  <testcase name="testingExitMessage" time="0.0" classname="com.my_qa_guide.Group_Tests.demo.GroupTestExample">
    <ignored/>
  </testcase> <!-- testingExitMessage -->
  <testcase name="testSalutationMessage" time="0.0" classname="com.my_qa_guide.Group_Tests.demo.GroupTestExample">
    <ignored/>
  </testcase> <!-- testSalutationMessage -->
</testsuite>
