<?xml version="1.0" encoding="UTF-8"?>
<testng-results skipped="0" failed="0" ignored="0" total="1" passed="1">
  <reporter-output>
  </reporter-output>
  <suite name="Default suite" duration-ms="5035" started-at="2018-04-03T12:40:19Z" finished-at="2018-04-03T12:40:24Z">
    <groups>
    </groups>
    <test name="Default test" duration-ms="5035" started-at="2018-04-03T12:40:19Z" finished-at="2018-04-03T12:40:24Z">
      <class name="com.my_qa_guide.Elements_Basics.demo.ElementsBasicsTest">
        <test-method status="PASS" signature="initialize()[pri:0, instance:com.my_qa_guide.Elements_Basics.demo.ElementsBasicsTest@73a1e9a9]" name="initialize" is-config="true" duration-ms="2689" started-at="2018-04-03T12:40:19Z" finished-at="2018-04-03T12:40:22Z">
          <reporter-output>
          </reporter-output>
        </test-method> <!-- initialize -->
        <test-method status="PASS" signature="elementsBasics()[pri:0, instance:com.my_qa_guide.Elements_Basics.demo.ElementsBasicsTest@73a1e9a9]" name="elementsBasics" duration-ms="2157" started-at="2018-04-03T12:40:22Z" finished-at="2018-04-03T12:40:24Z">
          <reporter-output>
          </reporter-output>
        </test-method> <!-- elementsBasics -->
        <test-method status="PASS" signature="cleanNavigatorAndCloseDriver()[pri:0, instance:com.my_qa_guide.Elements_Basics.demo.ElementsBasicsTest@73a1e9a9]" name="cleanNavigatorAndCloseDriver" is-config="true" duration-ms="141" started-at="2018-04-03T12:40:24Z" finished-at="2018-04-03T12:40:24Z">
          <reporter-output>
          </reporter-output>
        </test-method> <!-- cleanNavigatorAndCloseDriver -->
      </class> <!-- com.my_qa_guide.Elements_Basics.demo.ElementsBasicsTest -->
    </test> <!-- Default test -->
  </suite> <!-- Default suite -->
</testng-results>
