<?xml version="1.0" encoding="UTF-8"?>
<!-- Generated by org.testng.reporters.JUnitXMLReporter -->
<testsuite hostname="ws-acosanchez" ignored="0" name="test1" tests="2" failures="0" timestamp="02 abr 2018 08:56:34 GMT" time="0.064" errors="0">
  <testcase name="testPrintMessage" time="0.019" classname="com.my_qa_guide.Exception_Test.demo.ExpectedExceptionTest"/>
  <testcase name="testSalutationMessage" time="0.003" classname="com.my_qa_guide.Exception_Test.demo.ExpectedExceptionTest"/>
</testsuite> <!-- test1 -->
