<?xml version="1.0" encoding="UTF-8"?>
<testsuite name="com.my_qa_guide.Wait_Methods.demo.WaitMethodsTest" time="39.44" tests="1" errors="0" skipped="0" failures="1">
  <properties>
[...]
</properties>
  <testcase name="waitMethods" classname="com.my_qa_guide.Wait_Methods.demo.WaitMethodsTest" time="39.44">
    <failure message="Expected condition failed: waiting for visibility of element located by By.name: aawfawfaw (tried for 20 second(s) with 500 milliseconds interval)" type="org.openqa.selenium.TimeoutException">org.openqa.selenium.TimeoutException: Expected condition failed: waiting for visibility of element located by By.name: aawfawfaw (tried for 20 second(s) with 500 milliseconds interval)
	at org.openqa.selenium.support.ui.ExpectedConditions.lambda$findElement$0(ExpectedConditions.java:896)
	at java.util.Optional.orElseThrow(Optional.java:290)
	at org.openqa.selenium.support.ui.ExpectedConditions.findElement(ExpectedConditions.java:895)
	at org.openqa.selenium.support.ui.ExpectedConditions.access$000(ExpectedConditions.java:44)
	at org.openqa.selenium.support.ui.ExpectedConditions$7.apply(ExpectedConditions.java:206)
	at org.openqa.selenium.support.ui.ExpectedConditions$7.apply(ExpectedConditions.java:202)
	at org.openqa.selenium.support.ui.FluentWait.until(FluentWait.java:248)
	at com.my_qa_guide.Wait_Methods.demo.WaitMethodsTest.waitMethods(WaitMethodsTest.java:129)
</failure>
    <system-out><![CDATA[Configuring TestNG with: TestNG652Configurator
2018-04-09 13:55:09,909 INFO main - @BeforeMethod Start
2018-04-09 13:55:12,341 INFO main - @Beforemethod End
2018-04-09 13:55:12,343 INFO main - [log-TestSet] com.my_qa_guide.Wait_Methods.demo.WaitMethodsTest - Start test waitMethods method: waitMethods
2018-04-09 13:55:16,077 INFO main - Example implicit wait
2018-04-09 13:55:26,119 WARN main - As expected, invalidNameSelector didn't worked
2018-04-09 13:55:26,168 INFO main - Element pointed by validNameSelector taken
2018-04-09 13:55:26,168 INFO main - Starting Thread wait for 5 seconds
2018-04-09 13:55:31,168 INFO main - Ended Thread wait for 5 seconds
2018-04-09 13:55:31,169 INFO main - Example explicit wait
2018-04-09 13:55:31,177 INFO main - Trying to Find with the valid selector, Explicit Wait until conditions or 20 seconds passed
2018-04-09 13:55:31,221 INFO main - FOUND!!
2018-04-09 13:55:31,221 INFO main - Trying to Find with the invalid selector, Explicit Wait until conditions or 20 seconds passed
]]></system-out>
    <system-err><![CDATA[Starting ChromeDriver 2.36.540471 (9c759b81a907e70363c6312294d30b6ccccc2752) on port 25126
Only local connections are allowed.
abr 09, 2018 1:55:11 PM org.openqa.selenium.remote.ProtocolHandshake createSession
INFORMACIÓN: Detected dialect: OSS
]]></system-err>
  </testcase>
</testsuite>