<?xml version="1.0" encoding="UTF-8"?>
<!-- Generated by org.testng.reporters.JUnitXMLReporter -->
<testsuite hostname="ws-acosanchez" ignored="0" name="test1" tests="6" failures="0" timestamp="02 abr 2018 08:54:37 GMT" time="0.065" errors="0">
  <testcase name="initEnvironmentTest" time="0.01" classname="com.my_qa_guide.Dependeny_Test.demo.DependencyTestUsingAnnotationDependsOnMethods"/>
  <testcase name="testPrintMessage" time="0.003" classname="com.my_qa_guide.Dependeny_Test.demo.DependencyTestUsingAnnotationDependsOnMethods"/>
  <testcase name="initEnvironmentTest" time="0.0" classname="com.my_qa_guide.Dependeny_Test.demo.DependencyTestUsingAnnotationDependsOnGroups"/>
  <testcase name="testPrintMessage" time="0.001" classname="com.my_qa_guide.Dependeny_Test.demo.DependencyTestUsingAnnotationDependsOnGroups"/>
  <testcase name="testSalutationMessage" time="0.001" classname="com.my_qa_guide.Dependeny_Test.demo.DependencyTestUsingAnnotationDependsOnMethods"/>
  <testcase name="testSalutationMessage" time="0.001" classname="com.my_qa_guide.Dependeny_Test.demo.DependencyTestUsingAnnotationDependsOnGroups"/>
</testsuite> <!-- test1 -->
