<?xml version="1.0" encoding="UTF-8"?>
<testng-results skipped="0" failed="0" ignored="0" total="3" passed="3">
  <reporter-output>
  </reporter-output>
  <suite name="Default suite" duration-ms="73" started-at="2018-04-02T08:47:37Z" finished-at="2018-04-02T08:47:38Z">
    <groups>
    </groups>
    <test name="Default test" duration-ms="73" started-at="2018-04-02T08:47:37Z" finished-at="2018-04-02T08:47:38Z">
      <class name="com.my_qa_guide.Dependeny_Test.demo.DependencyTestUsingAnnotation">
        <test-method status="PASS" signature="initEnvironmentTest()[pri:0, instance:com.my_qa_guide.Dependeny_Test.demo.DependencyTestUsingAnnotation@4f933fd1]" name="initEnvironmentTest" duration-ms="17" started-at="2018-04-02T08:47:38Z" finished-at="2018-04-02T08:47:38Z">
          <reporter-output>
          </reporter-output>
        </test-method> <!-- initEnvironmentTest -->
        <test-method status="PASS" signature="testPrintMessage()[pri:0, instance:com.my_qa_guide.Dependeny_Test.demo.DependencyTestUsingAnnotation@4f933fd1]" name="testPrintMessage" duration-ms="6" started-at="2018-04-02T08:47:38Z" finished-at="2018-04-02T08:47:38Z">
          <reporter-output>
          </reporter-output>
        </test-method> <!-- testPrintMessage -->
        <test-method status="PASS" signature="testSalutationMessage()[pri:0, instance:com.my_qa_guide.Dependeny_Test.demo.DependencyTestUsingAnnotation@4f933fd1]" name="testSalutationMessage" duration-ms="1" started-at="2018-04-02T08:47:38Z" depends-on-methods="com.my_qa_guide.Dependeny_Test.demo.DependencyTestUsingAnnotation.initEnvironmentTest" finished-at="2018-04-02T08:47:38Z">
          <reporter-output>
          </reporter-output>
        </test-method> <!-- testSalutationMessage -->
      </class> <!-- com.my_qa_guide.Dependeny_Test.demo.DependencyTestUsingAnnotation -->
    </test> <!-- Default test -->
  </suite> <!-- Default suite -->
</testng-results>
